\BOOKMARK [1][]{Doc-Start}{Acknowledgements}{}% 1
\BOOKMARK [1][]{chapter*.1}{Abstract}{}% 2
\BOOKMARK [1][]{chapter*.2}{Contents}{}% 3
\BOOKMARK [1][]{chapter*.3}{List of Figures}{}% 4
\BOOKMARK [1][]{chapter*.4}{List of Tables}{}% 5
\BOOKMARK [1][]{chapter*.5}{Glossary}{}% 6
\BOOKMARK [0][]{chapter.1}{Introduction}{}% 7
\BOOKMARK [1][]{section.1.1}{Motivation and Problem Statement}{chapter.1}% 8
\BOOKMARK [1][]{section.1.2}{Thesis Contributions and Outline}{chapter.1}% 9
\BOOKMARK [-1][]{part.1}{I Background Analysis}{}% 10
\BOOKMARK [0][]{chapter.2}{Reference Technologies and Challenges}{part.1}% 11
\BOOKMARK [1][]{section.2.1}{IP Multicast}{chapter.2}% 12
\BOOKMARK [2][]{subsection.2.1.1}{IP Multicast Applications}{section.2.1}% 13
\BOOKMARK [2][]{subsection.2.1.2}{Multicast Model}{section.2.1}% 14
\BOOKMARK [2][]{subsection.2.1.3}{Group Management Protocols}{section.2.1}% 15
\BOOKMARK [2][]{subsection.2.1.4}{Multicast Routing Protocols}{section.2.1}% 16
\BOOKMARK [2][]{subsection.2.1.5}{IGMP/MLD Proxy}{section.2.1}% 17
\BOOKMARK [1][]{section.2.2}{IP Mobility Management}{chapter.2}% 18
\BOOKMARK [2][]{subsection.2.2.1}{Centralized Mobility Management}{section.2.2}% 19
\BOOKMARK [2][]{subsection.2.2.2}{Distributed Mobility Management}{section.2.2}% 20
\BOOKMARK [2][]{subsection.2.2.3}{Other Considerations}{section.2.2}% 21
\BOOKMARK [1][]{section.2.3}{IP Mobile Multicast}{chapter.2}% 22
\BOOKMARK [2][]{subsection.2.3.1}{Overview of Multicast Mobility in Mobile IP}{section.2.3}% 23
\BOOKMARK [2][]{subsection.2.3.2}{Multicast Mobility in PMIPv6}{section.2.3}% 24
\BOOKMARK [2][]{subsection.2.3.3}{IP Multicast Mobility in Network-based DMM}{section.2.3}% 25
\BOOKMARK [1][]{section.2.4}{Conclusion}{chapter.2}% 26
\BOOKMARK [0][]{chapter.3}{Performance Evaluation for IP Mobile Multicast}{part.1}% 27
\BOOKMARK [1][]{section.3.1}{Introduction}{chapter.3}% 28
\BOOKMARK [1][]{section.3.2}{Performance Evaluation Metrics}{chapter.3}% 29
\BOOKMARK [2][]{subsection.3.2.1}{Specific System Requirements}{section.3.2}% 30
\BOOKMARK [2][]{subsection.3.2.2}{ Performance Evaluation Metrics for IP Mobile Multicast}{section.3.2}% 31
\BOOKMARK [1][]{section.3.3}{Experimental Evaluation of Wireless Mobile Network}{chapter.3}% 32
\BOOKMARK [2][]{subsection.3.3.1}{Experiment Methods in Networking Research}{section.3.3}% 33
\BOOKMARK [2][]{subsection.3.3.2}{Virtualization Technique and Virtual Networking}{section.3.3}% 34
\BOOKMARK [2][]{subsection.3.3.3}{Wireless Simulation and Emulation}{section.3.3}% 35
\BOOKMARK [2][]{subsection.3.3.4}{Requirements and Proposed Strategies}{section.3.3}% 36
\BOOKMARK [2][]{subsection.3.3.5}{Tesbed Deployment}{section.3.3}% 37
\BOOKMARK [2][]{subsection.3.3.6}{Evaluation}{section.3.3}% 38
\BOOKMARK [1][]{section.3.4}{Conclusion}{chapter.3}% 39
\BOOKMARK [-1][]{part.2}{II IP Multicast Mobility in Proxy Mobile IPv6}{}% 40
\BOOKMARK [0][]{chapter.4}{Optimizing Service Continuity in a Single PMIPv6 Domain}{part.2}% 41
\BOOKMARK [1][]{section.4.1}{Introduction}{chapter.4}% 42
\BOOKMARK [1][]{section.4.2}{Multicast Listener Mobility and Service Continuity}{chapter.4}% 43
\BOOKMARK [1][]{section.4.3}{Multicast Service Disruption Time Analysis}{chapter.4}% 44
\BOOKMARK [1][]{section.4.4}{Experimentation Setup and Scenarios Description}{chapter.4}% 45
\BOOKMARK [1][]{section.4.5}{Results and Discussions}{chapter.4}% 46
\BOOKMARK [2][]{subsection.4.5.1}{Results}{section.4.5}% 47
\BOOKMARK [2][]{subsection.4.5.2}{Discussions}{section.4.5}% 48
\BOOKMARK [1][]{section.4.6}{Conclusion}{chapter.4}% 49
\BOOKMARK [0][]{chapter.5}{Load Balancing of Multicast Flows in PMIPv6 Networks}{part.2}% 50
\BOOKMARK [1][]{section.5.1}{Introduction}{chapter.5}% 51
\BOOKMARK [1][]{section.5.2}{Multicast Consideration in the Existing LB Mechanisms}{chapter.5}% 52
\BOOKMARK [1][]{section.5.3}{Multicast-based Load Balancing Solution}{chapter.5}% 53
\BOOKMARK [2][]{subsection.5.3.1}{Load Balancing in the Proactive-Multicast Approach}{section.5.3}% 54
\BOOKMARK [2][]{subsection.5.3.2}{Load Balancing in the Reactive-Multicast Approach}{section.5.3}% 55
\BOOKMARK [2][]{subsection.5.3.3}{Handover Consideration}{section.5.3}% 56
\BOOKMARK [1][]{section.5.4}{Performance Analysis}{chapter.5}% 57
\BOOKMARK [2][]{subsection.5.4.1}{Load Analysis}{section.5.4}% 58
\BOOKMARK [2][]{subsection.5.4.2}{Multicast Service Disruption Consideration}{section.5.4}% 59
\BOOKMARK [1][]{section.5.5}{Experimentation}{chapter.5}% 60
\BOOKMARK [2][]{subsection.5.5.1}{Experimentation Setup and Scenarios Description}{section.5.5}% 61
\BOOKMARK [2][]{subsection.5.5.2}{Experimental Results}{section.5.5}% 62
\BOOKMARK [2][]{subsection.5.5.3}{Multicast Service Disruption Time}{section.5.5}% 63
\BOOKMARK [1][]{section.5.6}{Conclusion}{chapter.5}% 64
\BOOKMARK [0][]{chapter.6}{Mobility in Heterogeneous Networks: Electric Vehicle Charging Service Use-Case}{part.2}% 65
\BOOKMARK [1][]{section.6.1}{Introduction}{chapter.6}% 66
\BOOKMARK [1][]{section.6.2}{Electric Vehicle Charging Service}{chapter.6}% 67
\BOOKMARK [2][]{subsection.6.2.1}{Electric Vehicle Charging Deployment}{section.6.2}% 68
\BOOKMARK [2][]{subsection.6.2.2}{General Use Cases for Electric Vehicle Charging Service}{section.6.2}% 69
\BOOKMARK [2][]{subsection.6.2.3}{Design Principles}{section.6.2}% 70
\BOOKMARK [2][]{subsection.6.2.4}{EVCS: Operations and Functionalities}{section.6.2}% 71
\BOOKMARK [1][]{section.6.3}{PMIPv6 for Electric Vehicle Charging Service}{chapter.6}% 72
\BOOKMARK [2][]{subsection.6.3.1}{Multicast Considerations}{section.6.3}% 73
\BOOKMARK [1][]{section.6.4}{Experimentation}{chapter.6}% 74
\BOOKMARK [2][]{subsection.6.4.1}{Experimentation Setup and Scenarios Description}{section.6.4}% 75
\BOOKMARK [2][]{subsection.6.4.2}{Experiment Results and Discussions}{section.6.4}% 76
\BOOKMARK [1][]{section.6.5}{Conclusion}{chapter.6}% 77
\BOOKMARK [-1][]{part.3}{III IP Multicast Mobility in DMM}{}% 78
\BOOKMARK [0][]{chapter.7}{Inter-domain Mobility for PMIPv6: From the DMM's Perspective}{part.3}% 79
\BOOKMARK [1][]{section.7.1}{Introduction}{chapter.7}% 80
\BOOKMARK [1][]{section.7.2}{Inter-domain Mobility Support}{chapter.7}% 81
\BOOKMARK [1][]{section.7.3}{Description of the Solution}{chapter.7}% 82
\BOOKMARK [2][]{subsection.7.3.1}{Partially Distributed Solution \(DP-PMIP\)}{section.7.3}% 83
\BOOKMARK [2][]{subsection.7.3.2}{Fully Distributed Solution \(DF-PMIP\)}{section.7.3}% 84
\BOOKMARK [2][]{subsection.7.3.3}{Local Routing Considerations}{section.7.3}% 85
\BOOKMARK [2][]{subsection.7.3.4}{Multicast Considerations}{section.7.3}% 86
\BOOKMARK [1][]{section.7.4}{Performance Analysis}{chapter.7}% 87
\BOOKMARK [2][]{subsection.7.4.1}{Reference Model}{section.7.4}% 88
\BOOKMARK [2][]{subsection.7.4.2}{Signaling Cost}{section.7.4}% 89
\BOOKMARK [2][]{subsection.7.4.3}{Handover Latency}{section.7.4}% 90
\BOOKMARK [2][]{subsection.7.4.4}{Tunnel Usage}{section.7.4}% 91
\BOOKMARK [2][]{subsection.7.4.5}{Multicast Service Disruption Time}{section.7.4}% 92
\BOOKMARK [1][]{section.7.5}{Numerical Results}{chapter.7}% 93
\BOOKMARK [1][]{section.7.6}{Conclusion}{chapter.7}% 94
\BOOKMARK [0][]{chapter.8}{On the Efficiency of Dynamic Multicast Mobility Anchor in DMM}{part.3}% 95
\BOOKMARK [1][]{section.8.1}{Multicast Listener Mobility in DMM}{chapter.8}% 96
\BOOKMARK [1][]{section.8.2}{Quantitative Analysis}{chapter.8}% 97
\BOOKMARK [2][]{subsection.8.2.1}{Network Model and Performance Metrics}{section.8.2}% 98
\BOOKMARK [2][]{subsection.8.2.2}{Analytical Modeling}{section.8.2}% 99
\BOOKMARK [2][]{subsection.8.2.3}{Numerical Results}{section.8.2}% 100
\BOOKMARK [2][]{subsection.8.2.4}{Conclusion of the Quantitative Analysis}{section.8.2}% 101
\BOOKMARK [1][]{section.8.3}{Dynamic Multicast Mobility Anchor Selection}{chapter.8}% 102
\BOOKMARK [2][]{subsection.8.3.1}{Considered Contexts}{section.8.3}% 103
\BOOKMARK [2][]{subsection.8.3.2}{Architecture Description}{section.8.3}% 104
\BOOKMARK [2][]{subsection.8.3.3}{Operations of the Solution}{section.8.3}% 105
\BOOKMARK [2][]{subsection.8.3.4}{Other Considerations}{section.8.3}% 106
\BOOKMARK [2][]{subsection.8.3.5}{Performance Evaluation}{section.8.3}% 107
\BOOKMARK [1][]{section.8.4}{Discussions}{chapter.8}% 108
\BOOKMARK [2][]{subsection.8.4.1}{Implementation Work}{section.8.4}% 109
\BOOKMARK [2][]{subsection.8.4.2}{Multicast Router Function Deployment at MAR}{section.8.4}% 110
\BOOKMARK [2][]{subsection.8.4.3}{Multicast Source Mobility Support}{section.8.4}% 111
\BOOKMARK [1][]{section.8.5}{Conclusion}{chapter.8}% 112
\BOOKMARK [-1][]{conclusions.-1}{Conclusions and Future Perspectives}{}% 113
\BOOKMARK [0][]{chapter.9}{Conclusions and Outlook}{conclusions.-1}% 114
\BOOKMARK [1][]{section.9.1}{Conclusion}{chapter.9}% 115
\BOOKMARK [1][]{section.9.2}{Perspectives and Future work}{chapter.9}% 116
\BOOKMARK [0][]{appendix.A}{R\351sum\351 de la Th\350se en Fran\347ais}{conclusions.-1}% 117
\BOOKMARK [0][]{appendix.B}{List of Publications}{conclusions.-1}% 118
\BOOKMARK [0][]{appendix*.134}{Bibliography}{conclusions.-1}% 119
