This is pdfTeX, Version 3.1415926-2.5-1.40.14 (TeX Live 2013) (format=latex 2013.9.13)  14 JUL 2014 12:03
entering extended mode
 restricted \write18 enabled.
 %&-line parsing enabled.
**TitlePagethinh.tex
(./TitlePagethinh.tex
LaTeX2e <2011/06/27>
Babel <3.9f> and hyphenation patterns for 78 languages loaded.

! LaTeX Error: Environment titlepage undefined.

See the LaTeX manual or LaTeX Companion for explanation.
Type  H <return>  for immediate help.
 ...                                              
                                                  
l.3 \begin{titlepage}
                     
Your command was ignored.
Type  I <command> <return>  to replace it with another command,
or  <return>  to continue without it.

! Undefined control sequence.
l.4 \includepdf
               [pages={1}]{TPT_Premiere.pdf}
The control sequence at the end of the top line
of your error message was never \def'ed. If you have
misspelled it (e.g., `\hobx'), type `I' and the correct
spelling (e.g., `I\hbox'). Otherwise just continue,
and I'll forget about whatever was undefined.


! LaTeX Error: Missing \begin{document}.

See the LaTeX manual or LaTeX Companion for explanation.
Type  H <return>  for immediate help.
 ...                                              
                                                  
l.4 \includepdf[
                pages={1}]{TPT_Premiere.pdf}
You're in trouble here.  Try typing  <return>  to proceed.
If that doesn't work, type  X <return>  to quit.

Missing character: There is no [ in font nullfont!
Missing character: There is no p in font nullfont!
Missing character: There is no a in font nullfont!
Missing character: There is no g in font nullfont!
Missing character: There is no e in font nullfont!
Missing character: There is no s in font nullfont!
Missing character: There is no = in font nullfont!
Missing character: There is no 1 in font nullfont!
Missing character: There is no ] in font nullfont!
Missing character: There is no T in font nullfont!
Missing character: There is no P in font nullfont!
Missing character: There is no T in font nullfont!
! Missing $ inserted.
<inserted text> 
                $
l.4 \includepdf[pages={1}]{TPT_
                               Premiere.pdf}
I've inserted a begin-math/end-math symbol since I think
you left one out. Proceed, with fingers crossed.

LaTeX Font Info:    External font `cmex10' loaded for size
(Font)              <7> on input line 4.
LaTeX Font Info:    External font `cmex10' loaded for size
(Font)              <5> on input line 4.
! Extra }, or forgotten $.
l.4 \includepdf[pages={1}]{TPT_Premiere.pdf}
                                            
I've deleted a group-closing symbol because it seems to be
spurious, as in `$x}$'. But perhaps the } is legitimate and
you forgot something else, as in `\hbox{$x}'. In such cases
the way to recover is to insert both the forgotten and the
deleted material, e.g., by typing `I$}'.

! Missing $ inserted.
<inserted text> 
                $
l.6 
    
I've inserted a begin-math/end-math symbol since I think
you left one out. Proceed, with fingers crossed.


Overfull \hbox (79.76pt too wide) in paragraph at lines 4--6
[]$[]\OML/cmm/m/it/10 remiere:pdf[] 
 []


! LaTeX Error: Missing \begin{document}.

See the LaTeX manual or LaTeX Companion for explanation.
Type  H <return>  for immediate help.
 ...                                              
                                                  
l.8   \noindent
               
You're in trouble here.  Try typing  <return>  to proceed.
If that doesn't work, type  X <return>  to quit.


! LaTeX Error: Missing \begin{document}.

See the LaTeX manual or LaTeX Companion for explanation.
Type  H <return>  for immediate help.
 ...                                              
                                                  
l.13 	\begin{center}
                    
You're in trouble here.  Try typing  <return>  to proceed.
If that doesn't work, type  X <return>  to quit.


Overfull \hbox (20.0pt too wide) in paragraph at lines 13--13
[] 
 []

! Undefined control sequence.
l.14 	\includegraphics
                      [width=48mm]{logo_ParisTech}
The control sequence at the end of the top line
of your error message was never \def'ed. If you have
misspelled it (e.g., `\hobx'), type `I' and the correct
spelling (e.g., `I\hbox'). Otherwise just continue,
and I'll forget about whatever was undefined.

Missing character: There is no [ in font nullfont!
Missing character: There is no w in font nullfont!
Missing character: There is no i in font nullfont!
Missing character: There is no d in font nullfont!
Missing character: There is no t in font nullfont!
Missing character: There is no h in font nullfont!
Missing character: There is no = in font nullfont!
Missing character: There is no 4 in font nullfont!
Missing character: There is no 8 in font nullfont!
Missing character: There is no m in font nullfont!
Missing character: There is no m in font nullfont!
Missing character: There is no ] in font nullfont!
Missing character: There is no l in font nullfont!
Missing character: There is no o in font nullfont!
Missing character: There is no g in font nullfont!
Missing character: There is no o in font nullfont!
! Missing $ inserted.
<inserted text> 
                $
l.14 	\includegraphics[width=48mm]{logo_
                                        ParisTech}
I've inserted a begin-math/end-math symbol since I think
you left one out. Proceed, with fingers crossed.

! Extra }, or forgotten $.
l.14 	\includegraphics[width=48mm]{logo_ParisTech}
                                                  
I've deleted a group-closing symbol because it seems to be
spurious, as in `$x}$'. But perhaps the } is legitimate and
you forgot something else, as in `\hbox{$x}'. In such cases
the way to recover is to insert both the forgotten and the
deleted material, e.g., by typing `I$}'.


! LaTeX Error: Command \end{center} invalid in math mode.

See the LaTeX manual or LaTeX Companion for explanation.
Type  H <return>  for immediate help.
 ...                                              
                                                  
l.15 	\end{center}
                  
Try typing  <return>  to proceed.
If that doesn't work, type  X <return>  to quit.


! LaTeX Error: Something's wrong--perhaps a missing \item.

See the LaTeX manual or LaTeX Companion for explanation.
Type  H <return>  for immediate help.
 ...                                              
                                                  
l.15 	\end{center}
                  
Try typing  <return>  to proceed.
If that doesn't work, type  X <return>  to quit.


! LaTeX Error: Something's wrong--perhaps a missing \item.

See the LaTeX manual or LaTeX Companion for explanation.
Type  H <return>  for immediate help.
 ...                                              
                                                  
l.15 	\end{center}
                  
Try typing  <return>  to proceed.
If that doesn't work, type  X <return>  to quit.

! Missing $ inserted.
<inserted text> 
                $
l.15 	\end{center}
                  
I've inserted something that you may have forgotten.
(See the <inserted text> above.)
With luck, this will get me unwedged. But if you
really didn't forget anything, try typing `2' now; then
my insertion and my current dilemma will both disappear.

! Missing } inserted.
<inserted text> 
                }
l.15 	\end{center}
                  
I've inserted something that you may have forgotten.
(See the <inserted text> above.)
With luck, this will get me unwedged. But if you
really didn't forget anything, try typing `2' now; then
my insertion and my current dilemma will both disappear.


Overfull \hbox (46.85365pt too wide) in paragraph at lines 14--16
[]\OML/cmm/m/it/10 arisTech$ 
 []


Overfull \hbox (20.0pt too wide) in paragraph at lines 20--20
[] 
 []

! Undefined control sequence.
l.26   \noindent{\LARGE
                        Optimization of Mobility Mechanisms
The control sequence at the end of the top line
of your error message was never \def'ed. If you have
misspelled it (e.g., `\hobx'), type `I' and the correct
spelling (e.g., `I\hbox'). Otherwise just continue,
and I'll forget about whatever was undefined.


Overfull \hbox (65.97879pt too wide) in paragraph at lines 26--28
 \OT1/cmr/bx/n/10 Optimization 
 []


Overfull \hbox (9.26384pt too wide) in paragraph at lines 26--28
 \OT1/cmr/bx/n/10 of 
 []


Overfull \hbox (20.4999pt too wide) in paragraph at lines 26--28
 \OT1/cmr/bx/n/10 Mo- 
 []


Overfull \hbox (16.61102pt too wide) in paragraph at lines 26--28
 \OT1/cmr/bx/n/10 bil- 
 []


Overfull \hbox (13.4166pt too wide) in paragraph at lines 26--28
 \OT1/cmr/bx/n/10 ity 
 []


Overfull \hbox (31.20123pt too wide) in paragraph at lines 26--28
 \OT1/cmr/bx/n/10 Mech- 
 []


Overfull \hbox (9.42354pt too wide) in paragraph at lines 26--28
 \OT1/cmr/bx/n/10 a- 
 []


Overfull \hbox (28.23871pt too wide) in paragraph at lines 26--28
 \OT1/cmr/bx/n/10 nisms 
 []


Overfull \hbox (13.99994pt too wide) in paragraph at lines 28--30
 []\OT1/cmr/bx/n/10 for 
 []


Overfull \hbox (12.22215pt too wide) in paragraph at lines 28--30
 \OT1/cmr/bx/n/10 IP 
 []


Overfull \hbox (28.17482pt too wide) in paragraph at lines 28--30
 \OT1/cmr/bx/n/10 based 
 []


Overfull \hbox (24.3332pt too wide) in paragraph at lines 28--30
 \OT1/cmr/bx/n/10 Mul- 
 []


Overfull \hbox (11.49994pt too wide) in paragraph at lines 28--30
 \OT1/cmr/bx/n/10 ti- 
 []


Overfull \hbox (19.70958pt too wide) in paragraph at lines 28--30
 \OT1/cmr/bx/n/10 cast 
 []


Overfull \hbox (28.7026pt too wide) in paragraph at lines 28--30
 \OT1/cmr/bx/n/10 Flows 
 []

! Undefined control sequence.
l.31   \noindent{\Large
                        Tien-Thinh NGUYEN}
The control sequence at the end of the top line
of your error message was never \def'ed. If you have
misspelled it (e.g., `\hobx'), type `I' and the correct
spelling (e.g., `I\hbox'). Otherwise just continue,
and I'll forget about whatever was undefined.


Overfull \hbox (26.68736pt too wide) in paragraph at lines 31--34
 \OT1/cmr/bx/n/10 Tien- 
 []


Overfull \hbox (30.36095pt too wide) in paragraph at lines 31--34
 \OT1/cmr/bx/n/10 Thinh 
 []


Overfull \hbox (52.1386pt too wide) in paragraph at lines 31--34
 \OT1/cmr/bx/n/10 NGUYEN 
 []

Missing character: There is no A in font nullfont!
Missing character: There is no d in font nullfont!
Missing character: There is no o in font nullfont!
Missing character: There is no c in font nullfont!
Missing character: There is no t in font nullfont!
Missing character: There is no o in font nullfont!
Missing character: There is no r in font nullfont!
Missing character: There is no a in font nullfont!
Missing character: There is no l in font nullfont!
Missing character: There is no d in font nullfont!
Missing character: There is no i in font nullfont!
Missing character: There is no s in font nullfont!
Missing character: There is no s in font nullfont!
Missing character: There is no e in font nullfont!
Missing character: There is no r in font nullfont!
Missing character: There is no t in font nullfont!
Missing character: There is no a in font nullfont!
Missing character: There is no t in font nullfont!
Missing character: There is no i in font nullfont!
Missing character: There is no o in font nullfont!
Missing character: There is no n in font nullfont!
Missing character: There is no s in font nullfont!
Missing character: There is no u in font nullfont!
Missing character: There is no b in font nullfont!
Missing character: There is no m in font nullfont!
Missing character: There is no i in font nullfont!
Missing character: There is no t in font nullfont!
Missing character: There is no t in font nullfont!
Missing character: There is no e in font nullfont!
Missing character: There is no d in font nullfont!
Missing character: There is no t in font nullfont!
Missing character: There is no o in font nullfont!
Missing character: There is no : in font nullfont!
Missing character: There is no T in font nullfont!
Missing character: There is no E in font nullfont!
Missing character: There is no L in font nullfont!
Missing character: There is no E in font nullfont!
Missing character: There is no C in font nullfont!
Missing character: There is no O in font nullfont!
Missing character: There is no M in font nullfont!
Missing character: There is no P in font nullfont!
Missing character: There is no a in font nullfont!
Missing character: There is no r in font nullfont!
Missing character: There is no i in font nullfont!
Missing character: There is no s in font nullfont!
Missing character: There is no T in font nullfont!
Missing character: There is no e in font nullfont!
Missing character: There is no c in font nullfont!
Missing character: There is no h in font nullfont!
Missing character: There is no I in font nullfont!
Missing character: There is no n in font nullfont!
Missing character: There is no P in font nullfont!
Missing character: There is no a in font nullfont!
Missing character: There is no r in font nullfont!
Missing character: There is no t in font nullfont!
Missing character: There is no i in font nullfont!
Missing character: There is no a in font nullfont!
Missing character: There is no l in font nullfont!
Missing character: There is no F in font nullfont!
Missing character: There is no u in font nullfont!
Missing character: There is no l in font nullfont!
Missing character: There is no f in font nullfont!
Missing character: There is no i in font nullfont!
Missing character: There is no l in font nullfont!
Missing character: There is no l in font nullfont!
Missing character: There is no m in font nullfont!
Missing character: There is no e in font nullfont!
Missing character: There is no n in font nullfont!
Missing character: There is no t in font nullfont!
Missing character: There is no o in font nullfont!
Missing character: There is no f in font nullfont!
Missing character: There is no t in font nullfont!
Missing character: There is no h in font nullfont!
Missing character: There is no e in font nullfont!
Missing character: There is no R in font nullfont!
Missing character: There is no e in font nullfont!
Missing character: There is no q in font nullfont!
Missing character: There is no u in font nullfont!
Missing character: There is no i in font nullfont!
Missing character: There is no r in font nullfont!
Missing character: There is no e in font nullfont!
Missing character: There is no m in font nullfont!
Missing character: There is no e in font nullfont!
Missing character: There is no n in font nullfont!
Missing character: There is no t in font nullfont!
Missing character: There is no s in font nullfont!
Missing character: There is no f in font nullfont!
Missing character: There is no o in font nullfont!
Missing character: There is no r in font nullfont!
Missing character: There is no t in font nullfont!
Missing character: There is no h in font nullfont!
Missing character: There is no e in font nullfont!
Missing character: There is no D in font nullfont!
Missing character: There is no e in font nullfont!
Missing character: There is no g in font nullfont!
Missing character: There is no r in font nullfont!
Missing character: There is no e in font nullfont!
Missing character: There is no e in font nullfont!
Missing character: There is no o in font nullfont!
Missing character: There is no f in font nullfont!
Missing character: There is no : in font nullfont!

Overfull \hbox (34.95816pt too wide) in paragraph at lines 48--49
 \OT1/cmr/bx/n/10 Doctor 
 []


Overfull \hbox (9.26384pt too wide) in paragraph at lines 48--49
 \OT1/cmr/bx/n/10 of 
 []


Overfull \hbox (21.27766pt too wide) in paragraph at lines 48--49
 \OT1/cmr/bx/n/10 Phi- 
 []


Overfull \hbox (17.31378pt too wide) in paragraph at lines 48--49
 \OT1/cmr/bx/n/10 los- 
 []


Overfull \hbox (9.58328pt too wide) in paragraph at lines 48--49
 \OT1/cmr/bx/n/10 o- 
 []


Overfull \hbox (18.68741pt too wide) in paragraph at lines 48--49
 \OT1/cmr/bx/n/10 phy 
 []

Missing character: There is no S in font nullfont!
Missing character: There is no p in font nullfont!
Missing character: There is no e in font nullfont!
Missing character: There is no c in font nullfont!
Missing character: There is no i in font nullfont!
Missing character: There is no a in font nullfont!
Missing character: There is no l in font nullfont!
Missing character: There is no t in font nullfont!
Missing character: There is no y in font nullfont!
Missing character: There is no : in font nullfont!

Overfull \hbox (25.46094pt too wide) in paragraph at lines 52--53
   \OT1/cmr/m/sc/10 Com- 
 []


Overfull \hbox (29.22208pt too wide) in paragraph at lines 52--53
 \OT1/cmr/m/sc/10 puter 
 []


Overfull \hbox (18.82205pt too wide) in paragraph at lines 52--53
 \OT1/cmr/m/sc/10 Sci- 
 []


Overfull \hbox (23.19987pt too wide) in paragraph at lines 52--53
 \OT1/cmr/m/sc/10 ence 
 []


Overfull \hbox (18.51106pt too wide) in paragraph at lines 52--53
 \OT1/cmr/m/sc/10 and 
 []


Overfull \hbox (23.40536pt too wide) in paragraph at lines 52--53
 \OT1/cmr/m/sc/10 Net- 
 []


Overfull \hbox (30.6443pt too wide) in paragraph at lines 52--53
 \OT1/cmr/m/sc/10 work- 
 []


Overfull \hbox (15.56659pt too wide) in paragraph at lines 52--53
 \OT1/cmr/m/sc/10 ing 
 []

! Undefined control sequence.
l.75 \noindent{ \large
                       \textit{Thesis Supervisor:} ~~\textbf{Prof.\ Christia...
The control sequence at the end of the top line
of your error message was never \def'ed. If you have
misspelled it (e.g., `\hobx'), type `I' and the correct
spelling (e.g., `I\hbox'). Otherwise just continue,
and I'll forget about whatever was undefined.


LaTeX Font Warning: Font shape `OT1/cmr/bx/sc' undefined
(Font)              using `OT1/cmr/bx/n' instead on input line 75.


Overfull \hbox (20.44429pt too wide) in paragraph at lines 75--76
  \OT1/cmr/m/it/10 The- 
 []


Overfull \hbox (11.24438pt too wide) in paragraph at lines 75--76
 \OT1/cmr/m/it/10 sis 
 []


Overfull \hbox (14.56657pt too wide) in paragraph at lines 75--76
 \OT1/cmr/m/it/10 Su- 
 []


Overfull \hbox (16.9943pt too wide) in paragraph at lines 75--76
 \OT1/cmr/m/it/10 per- 
 []


Overfull \hbox (11.24435pt too wide) in paragraph at lines 75--76
 \OT1/cmr/m/it/10 vi- 
 []


Overfull \hbox (16.48323pt too wide) in paragraph at lines 75--76
 \OT1/cmr/m/it/10 sor: 
 []


Overfull \hbox (25.05544pt too wide) in paragraph at lines 75--76
 \OT1/cmr/bx/n/10 Prof. 
 []


Overfull \hbox (30.99428pt too wide) in paragraph at lines 75--76
 \OT1/cmr/bx/n/10 Chris- 
 []


Overfull \hbox (19.6457pt too wide) in paragraph at lines 75--76
 \OT1/cmr/bx/n/10 tian 
 []


Overfull \hbox (24.15265pt too wide) in paragraph at lines 75--76
 \OT1/cmr/bx/n/10 Bon- 
 []


Overfull \hbox (16.13187pt too wide) in paragraph at lines 75--76
 \OT1/cmr/bx/n/10 net 
 []

! Undefined control sequence.
l.81 \noindent \large
                     
The control sequence at the end of the top line
of your error message was never \def'ed. If you have
misspelled it (e.g., `\hobx'), type `I' and the correct
spelling (e.g., `I\hbox'). Otherwise just continue,
and I'll forget about whatever was undefined.

Missing character: There is no - in font nullfont!
Missing character: There is no U in font nullfont!
Missing character: There is no n in font nullfont!
Missing character: There is no i in font nullfont!
Missing character: There is no v in font nullfont!
Missing character: There is no e in font nullfont!
Missing character: There is no r in font nullfont!
Missing character: There is no s in font nullfont!
Missing character: There is no i in font nullfont!
Missing character: There is no t in font nullfont!
LaTeX Font Info:    Try loading font information for +cmr on input line 85.
LaTeX Font Info:    No file cmr.fd. on input line 85.

LaTeX Font Warning: Font shape `/cmr/m/n' undefined
(Font)              using `/cmr/m/n' instead on input line 85.

! Corrupted NFSS tables.
wrong@fontshape ...message {Corrupted NFSS tables}
                                                  error@fontshape else let f...
l.85 ...as \textsc{Noel} }} 		& - & Universit\'{e}
                                                   de Strasbourg, Strasbourg...
This error message was generated by an \errmessage
command, so I can't give any explicit help.
Pretend that you're Hercule Poirot: Examine all clues,
and deduce the truth by order and method.


LaTeX Font Warning: Font shape `/cmr/m/n' undefined
(Font)              using `OT1/cmr/m/n' instead on input line 85.

Missing character: There is no d in font nullfont!
Missing character: There is no e in font nullfont!
Missing character: There is no S in font nullfont!
Missing character: There is no t in font nullfont!
Missing character: There is no r in font nullfont!
Missing character: There is no a in font nullfont!
Missing character: There is no s in font nullfont!
Missing character: There is no b in font nullfont!
Missing character: There is no o in font nullfont!
Missing character: There is no u in font nullfont!
Missing character: There is no r in font nullfont!
Missing character: There is no g in font nullfont!
Missing character: There is no , in font nullfont!
Missing character: There is no S in font nullfont!
Missing character: There is no t in font nullfont!
Missing character: There is no r in font nullfont!
Missing character: There is no a in font nullfont!
Missing character: There is no s in font nullfont!
Missing character: There is no b in font nullfont!
Missing character: There is no o in font nullfont!
Missing character: There is no u in font nullfont!
Missing character: There is no r in font nullfont!
Missing character: There is no g in font nullfont!
Missing character: There is no - in font nullfont!
Missing character: There is no F in font nullfont!
Missing character: There is no r in font nullfont!
Missing character: There is no a in font nullfont!
Missing character: There is no n in font nullfont!
Missing character: There is no c in font nullfont!
Missing character: There is no e in font nullfont!
Missing character: There is no - in font nullfont!
Missing character: There is no T in font nullfont!
Missing character: There is no l in font nullfont!
Missing character: There is no c in font nullfont!
Missing character: There is no o in font nullfont!
Missing character: There is no m in font nullfont!
Missing character: There is no B in font nullfont!
Missing character: There is no r in font nullfont!
Missing character: There is no e in font nullfont!
Missing character: There is no t in font nullfont!
Missing character: There is no a in font nullfont!
Missing character: There is no g in font nullfont!
Missing character: There is no n in font nullfont!
Missing character: There is no e in font nullfont!
Missing character: There is no , in font nullfont!
Missing character: There is no B in font nullfont!
Missing character: There is no r in font nullfont!
Missing character: There is no e in font nullfont!
Missing character: There is no s in font nullfont!
Missing character: There is no t in font nullfont!
Missing character: There is no - in font nullfont!
Missing character: There is no F in font nullfont!
Missing character: There is no r in font nullfont!
Missing character: There is no a in font nullfont!
Missing character: There is no n in font nullfont!
Missing character: There is no c in font nullfont!
Missing character: There is no e in font nullfont!
Missing character: There is no - in font nullfont!
Missing character: There is no I in font nullfont!
Missing character: There is no N in font nullfont!
Missing character: There is no R in font nullfont!
Missing character: There is no I in font nullfont!
Missing character: There is no A in font nullfont!
Missing character: There is no , in font nullfont!
Missing character: There is no B in font nullfont!
Missing character: There is no i in font nullfont!
Missing character: There is no o in font nullfont!
Missing character: There is no t in font nullfont!
Missing character: There is no - in font nullfont!
Missing character: There is no F in font nullfont!
Missing character: There is no r in font nullfont!
Missing character: There is no a in font nullfont!
Missing character: There is no n in font nullfont!
Missing character: There is no c in font nullfont!
Missing character: There is no e in font nullfont!

Overfull \hbox (135.19382pt too wide) in paragraph at lines 81--99
 [] 
 []


! LaTeX Error: \begin{document} ended by \end{titlepage}.

See the LaTeX manual or LaTeX Companion for explanation.
Type  H <return>  for immediate help.
 ...                                              
                                                  
l.101 \end{titlepage}
                     
Your command was ignored.
Type  I <command> <return>  to replace it with another command,
or  <return>  to continue without it.

! Missing } inserted.
<inserted text> 
                }
l.101 \end{titlepage}
                     
I've inserted something that you may have forgotten.
(See the <inserted text> above.)
With luck, this will get me unwedged. But if you
really didn't forget anything, try typing `2' now; then
my insertion and my current dilemma will both disappear.

)
! Emergency stop.
<*> TitlePagethinh.tex
                      
*** (job aborted, no legal \end found)

 
Here is how much of TeX's memory you used:
 27 strings out of 493316
 369 string characters out of 6137930
 56155 words of memory out of 5000000
 3575 multiletter control sequences out of 15000+600000
 4595 words of font info for 17 fonts, out of 8000000 for 9000
 957 hyphenation exceptions out of 8191
 18i,7n,16p,168b,288s stack positions out of 5000i,500n,10000p,200000b,80000s
No pages of output.
